<?xml version="1.0" encoding="UTF-8"?>
<!-- Generated by org.testng.reporters.JUnitXMLReporter -->
<testsuite ignored="0" hostname="LAPTOP-0NUUCPCM" failures="1" tests="4" name="Test" time="65.651" errors="0" timestamp="2024-07-10T01:54:24 IST">
  <testcase classname="com.naukri.qa.Testcases.LoginTest" name="loginPage" time="10.739"/>
  <testcase classname="com.naukri.qa.Testcases.HomePageTest" name="clickOncompleteProfile" time="5.542"/>
  <testcase classname="com.naukri.qa.Testcases.ProfileTest" name="verifyProfileName" time="0.669">
    <failure type="java.lang.AssertionError" message="expected [Siddhant Sankar Parida] but found [Siddhant Sankar Parida.]">
      <![CDATA[java.lang.AssertionError: expected [Siddhant Sankar Parida] but found [Siddhant Sankar Parida.]
at com.naukri.qa.Testcases.ProfileTest.verifyProfileName(ProfileTest.java:36)
at java.base/java.util.ArrayList.forEach(ArrayList.java:1511)
... Removed 33 stack frames]]>
    </failure>
  </testcase> <!-- verifyProfileName -->
  <testcase classname="com.naukri.qa.Testcases.ProfileTest" name="verifyResumeheadlineDtl" time="7.435"/>
</testsuite> <!-- Test -->
