<?xml version="1.0" encoding="UTF-8"?>
<testng-results ignored="0" total="4" passed="3" failed="1" skipped="0">
  <reporter-output>
  </reporter-output>
  <suite started-at="2024-07-10T01:53:18 IST" name="Suite" finished-at="2024-07-10T01:54:24 IST" duration-ms="65651">
    <groups>
    </groups>
    <test started-at="2024-07-10T01:53:18 IST" name="Test" finished-at="2024-07-10T01:54:24 IST" duration-ms="65651">
      <class name="com.naukri.qa.Testcases.LoginTest">
        <test-method is-config="true" signature="setup()[pri:0, instance:com.naukri.qa.Testcases.LoginTest@28f3b248]" started-at="2024-07-10T01:53:18 IST" name="setup" finished-at="2024-07-10T01:53:26 IST" duration-ms="7469" status="PASS">
          <reporter-output>
          </reporter-output>
        </test-method> <!-- setup -->
        <test-method signature="loginPage()[pri:0, instance:com.naukri.qa.Testcases.LoginTest@28f3b248]" started-at="2024-07-10T01:53:26 IST" name="loginPage" finished-at="2024-07-10T01:53:36 IST" duration-ms="10739" status="PASS">
          <reporter-output>
          </reporter-output>
        </test-method> <!-- loginPage -->
        <test-method is-config="true" signature="terDown()[pri:0, instance:com.naukri.qa.Testcases.LoginTest@28f3b248]" started-at="2024-07-10T01:53:36 IST" name="terDown" finished-at="2024-07-10T01:53:37 IST" duration-ms="468" status="PASS">
          <reporter-output>
          </reporter-output>
        </test-method> <!-- terDown -->
      </class> <!-- com.naukri.qa.Testcases.LoginTest -->
      <class name="com.naukri.qa.Testcases.HomePageTest">
        <test-method is-config="true" signature="setup()[pri:0, instance:com.naukri.qa.Testcases.HomePageTest@58d75e99]" started-at="2024-07-10T01:53:37 IST" name="setup" finished-at="2024-07-10T01:53:47 IST" duration-ms="10242" status="PASS">
          <reporter-output>
          </reporter-output>
        </test-method> <!-- setup -->
        <test-method signature="clickOncompleteProfile()[pri:0, instance:com.naukri.qa.Testcases.HomePageTest@58d75e99]" started-at="2024-07-10T01:53:47 IST" name="clickOncompleteProfile" finished-at="2024-07-10T01:53:53 IST" duration-ms="5542" status="PASS">
          <reporter-output>
          </reporter-output>
        </test-method> <!-- clickOncompleteProfile -->
        <test-method is-config="true" signature="tearDown()[pri:0, instance:com.naukri.qa.Testcases.HomePageTest@58d75e99]" started-at="2024-07-10T01:53:53 IST" name="tearDown" finished-at="2024-07-10T01:53:53 IST" duration-ms="402" status="PASS">
          <reporter-output>
          </reporter-output>
        </test-method> <!-- tearDown -->
      </class> <!-- com.naukri.qa.Testcases.HomePageTest -->
      <class name="com.naukri.qa.Testcases.ProfileTest">
        <test-method is-config="true" signature="setup()[pri:0, instance:com.naukri.qa.Testcases.ProfileTest@74751b3]" started-at="2024-07-10T01:53:53 IST" name="setup" finished-at="2024-07-10T01:54:03 IST" duration-ms="10438" status="PASS">
          <reporter-output>
          </reporter-output>
        </test-method> <!-- setup -->
        <test-method signature="verifyProfileName()[pri:0, instance:com.naukri.qa.Testcases.ProfileTest@74751b3]" started-at="2024-07-10T01:54:03 IST" name="verifyProfileName" finished-at="2024-07-10T01:54:04 IST" duration-ms="669" status="FAIL">
          <exception class="java.lang.AssertionError">
            <message>
              <![CDATA[expected [Siddhant Sankar Parida] but found [Siddhant Sankar Parida.]]]>
            </message>
            <full-stacktrace>
              <![CDATA[java.lang.AssertionError: expected [Siddhant Sankar Parida] but found [Siddhant Sankar Parida.]
at org.testng.Assert.fail(Assert.java:99)
at org.testng.Assert.failNotEquals(Assert.java:1037)
at org.testng.Assert.assertEqualsImpl(Assert.java:140)
at org.testng.Assert.assertEquals(Assert.java:122)
at org.testng.Assert.assertEquals(Assert.java:629)
at org.testng.Assert.assertEquals(Assert.java:639)
at com.naukri.qa.Testcases.ProfileTest.verifyProfileName(ProfileTest.java:36)
at java.base/jdk.internal.reflect.NativeMethodAccessorImpl.invoke0(Native Method)
at java.base/jdk.internal.reflect.NativeMethodAccessorImpl.invoke(NativeMethodAccessorImpl.java:78)
at java.base/jdk.internal.reflect.DelegatingMethodAccessorImpl.invoke(DelegatingMethodAccessorImpl.java:43)
at java.base/java.lang.reflect.Method.invoke(Method.java:567)
at org.testng.internal.MethodInvocationHelper.invokeMethod(MethodInvocationHelper.java:133)
at org.testng.internal.TestInvoker.invokeMethod(TestInvoker.java:598)
at org.testng.internal.TestInvoker.invokeTestMethod(TestInvoker.java:173)
at org.testng.internal.MethodRunner.runInSequence(MethodRunner.java:46)
at org.testng.internal.TestInvoker$MethodInvocationAgent.invoke(TestInvoker.java:824)
at org.testng.internal.TestInvoker.invokeTestMethods(TestInvoker.java:146)
at org.testng.internal.TestMethodWorker.invokeTestMethods(TestMethodWorker.java:146)
at org.testng.internal.TestMethodWorker.run(TestMethodWorker.java:128)
at java.base/java.util.ArrayList.forEach(ArrayList.java:1511)
at org.testng.TestRunner.privateRun(TestRunner.java:794)
at org.testng.TestRunner.run(TestRunner.java:596)
at org.testng.SuiteRunner.runTest(SuiteRunner.java:377)
at org.testng.SuiteRunner.runSequentially(SuiteRunner.java:371)
at org.testng.SuiteRunner.privateRun(SuiteRunner.java:332)
at org.testng.SuiteRunner.run(SuiteRunner.java:276)
at org.testng.SuiteRunnerWorker.runSuite(SuiteRunnerWorker.java:53)
at org.testng.SuiteRunnerWorker.run(SuiteRunnerWorker.java:96)
at org.testng.TestNG.runSuitesSequentially(TestNG.java:1212)
at org.testng.TestNG.runSuitesLocally(TestNG.java:1134)
at org.testng.TestNG.runSuites(TestNG.java:1063)
at org.testng.TestNG.run(TestNG.java:1031)
at org.testng.remote.AbstractRemoteTestNG.run(AbstractRemoteTestNG.java:115)
at org.testng.remote.RemoteTestNG.initAndRun(RemoteTestNG.java:251)
at org.testng.remote.RemoteTestNG.main(RemoteTestNG.java:77)
]]>
            </full-stacktrace>
          </exception> <!-- java.lang.AssertionError -->
          <reporter-output>
          </reporter-output>
        </test-method> <!-- verifyProfileName -->
        <test-method is-config="true" signature="tearDown()[pri:0, instance:com.naukri.qa.Testcases.ProfileTest@74751b3]" started-at="2024-07-10T01:54:04 IST" name="tearDown" finished-at="2024-07-10T01:54:05 IST" duration-ms="420" status="PASS">
          <reporter-output>
          </reporter-output>
        </test-method> <!-- tearDown -->
        <test-method is-config="true" signature="setup()[pri:0, instance:com.naukri.qa.Testcases.ProfileTest@74751b3]" started-at="2024-07-10T01:54:05 IST" name="setup" finished-at="2024-07-10T01:54:16 IST" duration-ms="11323" status="PASS">
          <reporter-output>
          </reporter-output>
        </test-method> <!-- setup -->
        <test-method signature="verifyResumeheadlineDtl()[pri:0, instance:com.naukri.qa.Testcases.ProfileTest@74751b3]" started-at="2024-07-10T01:54:16 IST" name="verifyResumeheadlineDtl" finished-at="2024-07-10T01:54:23 IST" duration-ms="7435" status="PASS">
          <reporter-output>
          </reporter-output>
        </test-method> <!-- verifyResumeheadlineDtl -->
        <test-method is-config="true" signature="tearDown()[pri:0, instance:com.naukri.qa.Testcases.ProfileTest@74751b3]" started-at="2024-07-10T01:54:23 IST" name="tearDown" finished-at="2024-07-10T01:54:24 IST" duration-ms="452" status="PASS">
          <reporter-output>
          </reporter-output>
        </test-method> <!-- tearDown -->
      </class> <!-- com.naukri.qa.Testcases.ProfileTest -->
    </test> <!-- Test -->
  </suite> <!-- Suite -->
</testng-results>
